<?xml version="1.0" encoding="UTF-8"?>
<!-- Generated by org.testng.reporters.JUnitReportReporter -->
<testsuite hostname="Jabins-MBP.lan" name="overviewPage.OverviewDisplayTest" tests="3" failures="0" timestamp="24 Jul 2021 00:03:04 GMT" time="4.588" errors="0">
  <testcase name="casualDressesDisplay" time="2.167" classname="overviewPage.OverviewDisplayTest"/>
  <testcase name="catalogDisplay" time="0.133" classname="overviewPage.OverviewDisplayTest"/>
  <testcase name="topsButtonDisplay" time="2.288" classname="overviewPage.OverviewDisplayTest"/>
</testsuite> <!-- overviewPage.OverviewDisplayTest -->
