<?xml version="1.0" encoding="UTF-8"?>
<!-- Generated by org.testng.reporters.JUnitReportReporter -->
<testsuite hostname="Jabins-MBP.lan" name="overviewPage.OverviewDisplayTest" tests="2" failures="0" timestamp="28 Aug 2021 04:05:57 GMT" time="0.516" errors="0">
  <testcase name="newProductsTestDisplayed" time="0.129" classname="overviewPage.OverviewDisplayTest"/>
  <testcase name="verifySpecialTextDisplayed" time="0.387" classname="overviewPage.OverviewDisplayTest"/>
</testsuite> <!-- overviewPage.OverviewDisplayTest -->
