<?xml version="1.0" encoding="UTF-8"?>
<!-- Generated by org.testng.reporters.JUnitReportReporter -->
<testsuite hostname="Jabins-MBP.lan" name="overviewPage.OverviewDisplayTest" tests="10" failures="0" timestamp="23 May 2021 14:43:41 GMT" time="0.465" errors="0">
  <testcase name="verifySpecialTextDisplayed" time="0.201" classname="overviewPage.OverviewDisplayTest"/>
  <testcase name="newProductsTestDisplayed" time="0.070" classname="overviewPage.OverviewDisplayTest"/>
  <testcase name="contactUsTextDisplayed" time="0.047" classname="overviewPage.OverviewDisplayTest"/>
  <testcase name="bestSellersTextDisplayed" time="0.025" classname="overviewPage.OverviewDisplayTest"/>
  <testcase name="ourStoresTextDisplayed" time="0.028" classname="overviewPage.OverviewDisplayTest"/>
  <testcase name="aboutUsTextDisplayed" time="0.018" classname="overviewPage.OverviewDisplayTest"/>
  <testcase name="siteMapTextDisplayed" time="0.019" classname="overviewPage.OverviewDisplayTest"/>
  <testcase name="myOrdersTextDisplayed" time="0.020" classname="overviewPage.OverviewDisplayTest"/>
  <testcase name="termsAndConditionTextDisplayed" time="0.019" classname="overviewPage.OverviewDisplayTest"/>
  <testcase name="myCreditSlipsTextDisplayed" time="0.018" classname="overviewPage.OverviewDisplayTest"/>
</testsuite> <!-- overviewPage.OverviewDisplayTest -->
