<?xml version="1.0" encoding="UTF-8"?>
<!-- Generated by org.testng.reporters.JUnitReportReporter -->
<testsuite hostname="Jabins-MBP.lan" name="overviewPage.OverviewDisplayTest" tests="3" failures="0" timestamp="10 Jul 2021 13:43:54 GMT" time="4.551" errors="0">
  <testcase name="catalogDisplay" time="0.135" classname="overviewPage.OverviewDisplayTest"/>
  <testcase name="topsButtonDisplay" time="2.247" classname="overviewPage.OverviewDisplayTest"/>
  <testcase name="casualDressesDisplay" time="2.169" classname="overviewPage.OverviewDisplayTest"/>
</testsuite> <!-- overviewPage.OverviewDisplayTest -->
